"" 

Thu May 07 2020 15:23:31 GMT+0530 (India Standard Time) -- [INFO] Started the BrowserStack Binary server on 45691, PID: 4276
Thu May 07 2020 15:23:31 GMT+0530 (India Standard Time) -- [SUCCESS] You can now access your local server(s) in our remote browser

Thu May 07 2020 15:23:33 GMT+0530 (India Standard Time) -- Press Ctrl-C to exit



Thu May 07 2020 15:26:50 GMT+0530 (India Standard Time) -- [ERROR] Another instance of BrowserStack Binary is running with on your system with PID: 4276
Thu May 07 2020 15:26:50 GMT+0530 (India Standard Time) -- [ERROR] Please close it and try again
Thu May 07 2020 15:26:50 GMT+0530 (India Standard Time) -- [ERROR] SYS_CONFLICT:1001 https://browserstack.com/docs/local-testing/binary/errors/1001
Thu May 07 2020 15:26:50 GMT+0530 (India Standard Time) -- You can learn more about BrowserStack Binary flags by running BrowserStackLocal.exe --help

Thu May 07 2020 15:30:27 GMT+0530 (India Standard Time) -- [ERROR] Another instance of BrowserStack Binary is running with on your system with PID: 4276
Thu May 07 2020 15:30:27 GMT+0530 (India Standard Time) -- [ERROR] Please close it and try again
Thu May 07 2020 15:30:27 GMT+0530 (India Standard Time) -- [ERROR] SYS_CONFLICT:1001 https://browserstack.com/docs/local-testing/binary/errors/1001
Thu May 07 2020 15:30:27 GMT+0530 (India Standard Time) -- You can learn more about BrowserStack Binary flags by running BrowserStackLocal.exe --help
Thu May 07 2020 15:51:07 GMT+0530 (India Standard Time) -- Press Ctrl-C to exit



Thu May 07 2020 16:01:44 GMT+0530 (India Standard Time) -- [ERROR] Another instance of BrowserStack Binary is running with on your system with PID: 4276
Thu May 07 2020 16:01:44 GMT+0530 (India Standard Time) -- [ERROR] Please close it and try again
Thu May 07 2020 16:01:44 GMT+0530 (India Standard Time) -- [ERROR] SYS_CONFLICT:1001 https://browserstack.com/docs/local-testing/binary/errors/1001
Thu May 07 2020 16:01:44 GMT+0530 (India Standard Time) -- You can learn more about BrowserStack Binary flags by running BrowserStackLocal.exe --help

Thu May 07 2020 16:02:11 GMT+0530 (India Standard Time) -- [ERROR] Another instance of BrowserStack Binary is running with on your system with PID: 4276
Thu May 07 2020 16:02:11 GMT+0530 (India Standard Time) -- [ERROR] Please close it and try again
Thu May 07 2020 16:02:11 GMT+0530 (India Standard Time) -- [ERROR] SYS_CONFLICT:1001 https://browserstack.com/docs/local-testing/binary/errors/1001
Thu May 07 2020 16:02:11 GMT+0530 (India Standard Time) -- You can learn more about BrowserStack Binary flags by running BrowserStackLocal.exe --help

Thu May 07 2020 16:16:01 GMT+0530 (India Standard Time) -- [ERROR] Another instance of BrowserStack Binary is running with on your system with PID: 4276
Thu May 07 2020 16:16:01 GMT+0530 (India Standard Time) -- [ERROR] Please close it and try again
Thu May 07 2020 16:16:01 GMT+0530 (India Standard Time) -- [ERROR] SYS_CONFLICT:1001 https://browserstack.com/docs/local-testing/binary/errors/1001
Thu May 07 2020 16:16:01 GMT+0530 (India Standard Time) -- You can learn more about BrowserStack Binary flags by running BrowserStackLocal.exe --help

Thu May 07 2020 16:18:17 GMT+0530 (India Standard Time) -- [ERROR] Another instance of BrowserStack Binary is running with on your system with PID: 4276
Thu May 07 2020 16:18:17 GMT+0530 (India Standard Time) -- [ERROR] Please close it and try again
Thu May 07 2020 16:18:17 GMT+0530 (India Standard Time) -- [ERROR] SYS_CONFLICT:1001 https://browserstack.com/docs/local-testing/binary/errors/1001
Thu May 07 2020 16:18:17 GMT+0530 (India Standard Time) -- You can learn more about BrowserStack Binary flags by running BrowserStackLocal.exe --help

Thu May 07 2020 16:19:32 GMT+0530 (India Standard Time) -- [ERROR] Another instance of BrowserStack Binary is running with on your system with PID: 4276
Thu May 07 2020 16:19:32 GMT+0530 (India Standard Time) -- [ERROR] Please close it and try again
Thu May 07 2020 16:19:32 GMT+0530 (India Standard Time) -- [ERROR] SYS_CONFLICT:1001 https://browserstack.com/docs/local-testing/binary/errors/1001
Thu May 07 2020 16:19:32 GMT+0530 (India Standard Time) -- You can learn more about BrowserStack Binary flags by running BrowserStackLocal.exe --help

Thu May 07 2020 16:20:45 GMT+0530 (India Standard Time) -- [ERROR] Another instance of BrowserStack Binary is running with on your system with PID: 4276
Thu May 07 2020 16:20:45 GMT+0530 (India Standard Time) -- [ERROR] Please close it and try again
Thu May 07 2020 16:20:45 GMT+0530 (India Standard Time) -- [ERROR] SYS_CONFLICT:1001 https://browserstack.com/docs/local-testing/binary/errors/1001
Thu May 07 2020 16:20:45 GMT+0530 (India Standard Time) -- You can learn more about BrowserStack Binary flags by running BrowserStackLocal.exe --help

Thu May 07 2020 16:21:14 GMT+0530 (India Standard Time) -- [ERROR] Another instance of BrowserStack Binary is running with on your system with PID: 4276
Thu May 07 2020 16:21:14 GMT+0530 (India Standard Time) -- [ERROR] Please close it and try again
Thu May 07 2020 16:21:14 GMT+0530 (India Standard Time) -- [ERROR] SYS_CONFLICT:1001 https://browserstack.com/docs/local-testing/binary/errors/1001
Thu May 07 2020 16:21:14 GMT+0530 (India Standard Time) -- You can learn more about BrowserStack Binary flags by running BrowserStackLocal.exe --help
